<?xml version="1.0" encoding="UTF-8"?>
<testsuite name="katas.ConvertStringToCamelCaseTest" tests="1" skipped="0" failures="0" errors="0" timestamp="2020-02-08T08:55:06" hostname="DESKTOP-2T89DER" time="0.004">
  <properties/>
  <testcase name="toCamelCase" classname="katas.ConvertStringToCamelCaseTest" time="0.004"/>
  <system-out><![CDATA[]]></system-out>
  <system-err><![CDATA[]]></system-err>
</testsuite>
